<?xml version="1.0" encoding="UTF-8"?>
<!-- Generated by org.testng.reporters.JUnitReportReporter -->
<testsuite hostname="fv-az39-838" failures="0" tests="1" name="core.runner.TestRunner" time="14.663" errors="0" timestamp="2021-07-26T21:34:57 UTC" skipped="0">
  <testcase classname="core.runner.TestRunner" name="runScenario" time="14.663"/>
  <system-out/>
</testsuite> <!-- core.runner.TestRunner -->
