<?xml version="1.0" encoding="UTF-8"?>
<!-- Generated by org.testng.reporters.JUnitReportReporter -->
<testsuite hostname="fv-az82-711" failures="0" tests="7" name="core.runner.TestRunner" time="91.338" errors="0" timestamp="2021-08-03T12:16:52 UTC" skipped="0">
  <testcase classname="core.runner.TestRunner" name="runScenario" time="12.929"/>
  <system-out/>
  <testcase classname="core.runner.TestRunner" name="runScenario" time="13.075"/>
  <system-out/>
  <testcase classname="core.runner.TestRunner" name="runScenario" time="13.983"/>
  <system-out/>
  <testcase classname="core.runner.TestRunner" name="runScenario" time="13.135"/>
  <system-out/>
  <testcase classname="core.runner.TestRunner" name="runScenario" time="13.312"/>
  <system-out/>
  <testcase classname="core.runner.TestRunner" name="runScenario" time="11.877"/>
  <system-out/>
  <testcase classname="core.runner.TestRunner" name="runScenario" time="13.027"/>
  <system-out/>
</testsuite> <!-- core.runner.TestRunner -->
