<?xml version="1.0" encoding="UTF-8"?>
<!-- Generated by org.testng.reporters.JUnitReportReporter -->
<testsuite hostname="fv-az47-742" failures="0" tests="1" name="core.runner.TestRunner" time="10.546" errors="0" timestamp="2021-07-26T12:26:20 UTC" skipped="0">
  <testcase classname="core.runner.TestRunner" name="runScenario" time="10.546"/>
  <system-out/>
</testsuite> <!-- core.runner.TestRunner -->
