<?xml version="1.0" encoding="UTF-8"?>
<!-- Generated by org.testng.reporters.JUnitReportReporter -->
<testsuite hostname="fv-az83-150" failures="0" tests="7" name="core.runner.TestRunner" time="82.950" errors="0" timestamp="2021-07-31T10:38:17 UTC" skipped="0">
  <testcase classname="core.runner.TestRunner" name="runScenario" time="11.962"/>
  <system-out/>
  <testcase classname="core.runner.TestRunner" name="runScenario" time="10.554"/>
  <system-out/>
  <testcase classname="core.runner.TestRunner" name="runScenario" time="11.894"/>
  <system-out/>
  <testcase classname="core.runner.TestRunner" name="runScenario" time="12.162"/>
  <system-out/>
  <testcase classname="core.runner.TestRunner" name="runScenario" time="11.693"/>
  <system-out/>
  <testcase classname="core.runner.TestRunner" name="runScenario" time="12.775"/>
  <system-out/>
  <testcase classname="core.runner.TestRunner" name="runScenario" time="11.910"/>
  <system-out/>
</testsuite> <!-- core.runner.TestRunner -->
