<?xml version="1.0" encoding="UTF-8"?>
<!-- Generated by org.testng.reporters.JUnitReportReporter -->
<testsuite hostname="fv-az39-838" failures="0" tests="1" name="core.runner.TestRunner" time="16.796" errors="0" timestamp="2021-07-26T12:09:16 UTC" skipped="0">
  <testcase classname="core.runner.TestRunner" name="runScenario" time="16.796"/>
  <system-out/>
</testsuite> <!-- core.runner.TestRunner -->
