<?xml version="1.0" encoding="UTF-8"?>
<!-- Generated by org.testng.reporters.JUnitReportReporter -->
<testsuite hostname="fv-az72-765" failures="0" tests="1" name="core.runner.TestRunner" time="10.719" errors="0" timestamp="2021-07-26T21:54:17 UTC" skipped="0">
  <testcase classname="core.runner.TestRunner" name="runScenario" time="10.719"/>
  <system-out/>
</testsuite> <!-- core.runner.TestRunner -->
