<?xml version="1.0" encoding="UTF-8"?>
<!-- Generated by org.testng.reporters.JUnitReportReporter -->
<testsuite hostname="fv-az82-711" failures="0" tests="7" name="core.runner.TestRunner" time="64.546" errors="0" timestamp="2021-07-29T18:51:49 UTC" skipped="0">
  <testcase classname="core.runner.TestRunner" name="runScenario" time="9.174"/>
  <system-out/>
  <testcase classname="core.runner.TestRunner" name="runScenario" time="9.192"/>
  <system-out/>
  <testcase classname="core.runner.TestRunner" name="runScenario" time="9.202"/>
  <system-out/>
  <testcase classname="core.runner.TestRunner" name="runScenario" time="9.454"/>
  <system-out/>
  <testcase classname="core.runner.TestRunner" name="runScenario" time="10.138"/>
  <system-out/>
  <testcase classname="core.runner.TestRunner" name="runScenario" time="9.233"/>
  <system-out/>
  <testcase classname="core.runner.TestRunner" name="runScenario" time="8.153"/>
  <system-out/>
</testsuite> <!-- core.runner.TestRunner -->
