<?xml version="1.0" encoding="UTF-8"?>
<!-- Generated by org.testng.reporters.JUnitReportReporter -->
<testsuite hostname="fv-az82-922" failures="0" tests="1" name="core.runner.TestRunner" time="12.901" errors="0" timestamp="2021-07-26T11:50:33 UTC" skipped="0">
  <testcase classname="core.runner.TestRunner" name="runScenario" time="12.901"/>
  <system-out/>
</testsuite> <!-- core.runner.TestRunner -->
