<?xml version="1.0" encoding="UTF-8"?>
<!-- Generated by org.testng.reporters.JUnitReportReporter -->
<testsuite hostname="fv-az83-150" failures="0" tests="7" name="core.runner.TestRunner" time="65.750" errors="0" timestamp="2021-07-29T18:56:45 UTC" skipped="0">
  <testcase classname="core.runner.TestRunner" name="runScenario" time="9.377"/>
  <system-out/>
  <testcase classname="core.runner.TestRunner" name="runScenario" time="9.436"/>
  <system-out/>
  <testcase classname="core.runner.TestRunner" name="runScenario" time="9.459"/>
  <system-out/>
  <testcase classname="core.runner.TestRunner" name="runScenario" time="10.234"/>
  <system-out/>
  <testcase classname="core.runner.TestRunner" name="runScenario" time="8.100"/>
  <system-out/>
  <testcase classname="core.runner.TestRunner" name="runScenario" time="9.753"/>
  <system-out/>
  <testcase classname="core.runner.TestRunner" name="runScenario" time="9.391"/>
  <system-out/>
</testsuite> <!-- core.runner.TestRunner -->
